2012-11-20 04:51:23 Error: [MissingControllerException] Controller class UserController could not be found.
#0 C:\wamp\www\CS575\app\webroot\index.php(92): Dispatcher->dispatch(Object(CakeRequest), Object(CakeResponse))
#1 {main}
2012-11-20 04:54:32 Error: [MissingControllerException] Controller class ClientController could not be found.
#0 C:\wamp\www\CS575\app\webroot\index.php(92): Dispatcher->dispatch(Object(CakeRequest), Object(CakeResponse))
#1 {main}
2012-11-20 04:54:36 Error: [MissingViewException] View file "C:\wamp\www\CS575\app\View\Clients\index.ctp" is missing.
#0 C:\wamp\www\CS575\lib\Cake\View\View.php(473): View->_getViewFileName(NULL)
#1 C:\wamp\www\CS575\lib\Cake\Controller\Controller.php(956): View->render(NULL, NULL)
#2 C:\wamp\www\CS575\lib\Cake\Routing\Dispatcher.php(193): Controller->render()
#3 C:\wamp\www\CS575\lib\Cake\Routing\Dispatcher.php(161): Dispatcher->_invoke(Object(ClientsController), Object(CakeRequest), Object(CakeResponse))
#4 C:\wamp\www\CS575\app\webroot\index.php(92): Dispatcher->dispatch(Object(CakeRequest), Object(CakeResponse))
#5 {main}
2012-11-20 04:57:06 Error: Fatal Error (1): Call to a member function find() on a non-object in [C:\wamp\www\CS575\app\Controller\ClientsController.php, line 50]
2012-11-20 04:57:06 Error: [FatalErrorException] Call to a member function find() on a non-object
#0 C:\wamp\www\CS575\lib\Cake\Error\ErrorHandler.php(161): ErrorHandler::handleFatalError(1, 'Call to a membe...', 'C:\wamp\www\CS5...', 50)
#1 [internal function]: ErrorHandler::handleError(1, 'Call to a membe...', 'C:\wamp\www\CS5...', 50, Array)
#2 C:\wamp\www\CS575\lib\Cake\Core\App.php(926): call_user_func('ErrorHandler::h...', 1, 'Call to a membe...', 'C:\wamp\www\CS5...', 50, Array)
#3 C:\wamp\www\CS575\lib\Cake\Core\App.php(899): App::_checkFatalError()
#4 [internal function]: App::shutdown()
#5 {main}
2012-11-20 04:57:16 Error: [MissingControllerException] Controller class UsersController could not be found.
#0 C:\wamp\www\CS575\app\webroot\index.php(92): Dispatcher->dispatch(Object(CakeRequest), Object(CakeResponse))
#1 {main}
2012-11-20 04:57:22 Error: [MissingControllerException] Controller class UsersController could not be found.
#0 C:\wamp\www\CS575\app\webroot\index.php(92): Dispatcher->dispatch(Object(CakeRequest), Object(CakeResponse))
#1 {main}
2012-11-20 04:57:27 Error: Fatal Error (1): Call to a member function find() on a non-object in [C:\wamp\www\CS575\app\Controller\ClientsController.php, line 50]
2012-11-20 04:57:27 Error: [FatalErrorException] Call to a member function find() on a non-object
#0 C:\wamp\www\CS575\lib\Cake\Error\ErrorHandler.php(161): ErrorHandler::handleFatalError(1, 'Call to a membe...', 'C:\wamp\www\CS5...', 50)
#1 [internal function]: ErrorHandler::handleError(1, 'Call to a membe...', 'C:\wamp\www\CS5...', 50, Array)
#2 C:\wamp\www\CS575\lib\Cake\Core\App.php(926): call_user_func('ErrorHandler::h...', 1, 'Call to a membe...', 'C:\wamp\www\CS5...', 50, Array)
#3 C:\wamp\www\CS575\lib\Cake\Core\App.php(899): App::_checkFatalError()
#4 [internal function]: App::shutdown()
#5 {main}
2012-11-20 04:59:32 Error: [MissingControllerException] Controller class UsersController could not be found.
#0 C:\wamp\www\CS575\app\webroot\index.php(92): Dispatcher->dispatch(Object(CakeRequest), Object(CakeResponse))
#1 {main}
2012-11-20 04:59:35 Error: [MissingControllerException] Controller class UsersController could not be found.
#0 C:\wamp\www\CS575\app\webroot\index.php(92): Dispatcher->dispatch(Object(CakeRequest), Object(CakeResponse))
#1 {main}
2012-11-20 05:03:25 Error: [PDOException] SQLSTATE[42000]: Syntax error or access violation: 1066 Not unique table/alias: 'Dictation'
#0 C:\wamp\www\CS575\lib\Cake\Model\Datasource\DboSource.php(459): PDOStatement->execute(Array)
#1 C:\wamp\www\CS575\lib\Cake\Model\Datasource\DboSource.php(425): DboSource->_execute('SELECT `Dictati...', Array)
#2 C:\wamp\www\CS575\lib\Cake\Model\Datasource\DboSource.php(669): DboSource->execute('SELECT `Dictati...', Array, Array)
#3 C:\wamp\www\CS575\lib\Cake\Model\Datasource\DboSource.php(1080): DboSource->fetchAll('SELECT `Dictati...', false)
#4 C:\wamp\www\CS575\lib\Cake\Model\Model.php(2630): DboSource->read(Object(Dictation), Array)
#5 C:\wamp\www\CS575\lib\Cake\Controller\Component\PaginatorComponent.php(173): Model->find('all', Array)
#6 C:\wamp\www\CS575\lib\Cake\Controller\Controller.php(1081): PaginatorComponent->paginate(NULL, Array, Array)
#7 C:\wamp\www\CS575\app\Controller\DictationsController.php(17): Controller->paginate()
#8 [internal function]: DictationsController->index()
#9 C:\wamp\www\CS575\lib\Cake\Controller\Controller.php(485): ReflectionMethod->invokeArgs(Object(DictationsController), Array)
#10 C:\wamp\www\CS575\lib\Cake\Routing\Dispatcher.php(186): Controller->invokeAction(Object(CakeRequest))
#11 C:\wamp\www\CS575\lib\Cake\Routing\Dispatcher.php(161): Dispatcher->_invoke(Object(DictationsController), Object(CakeRequest), Object(CakeResponse))
#12 C:\wamp\www\CS575\app\webroot\index.php(92): Dispatcher->dispatch(Object(CakeRequest), Object(CakeResponse))
#13 {main}
2012-11-20 05:06:39 Error: Fatal Error (1): Call to a member function find() on a non-object in [C:\wamp\www\CS575\app\Controller\DictationsController.php, line 50]
2012-11-20 05:06:39 Error: [FatalErrorException] Call to a member function find() on a non-object
#0 C:\wamp\www\CS575\lib\Cake\Error\ErrorHandler.php(161): ErrorHandler::handleFatalError(1, 'Call to a membe...', 'C:\wamp\www\CS5...', 50)
#1 [internal function]: ErrorHandler::handleError(1, 'Call to a membe...', 'C:\wamp\www\CS5...', 50, Array)
#2 C:\wamp\www\CS575\lib\Cake\Core\App.php(926): call_user_func('ErrorHandler::h...', 1, 'Call to a membe...', 'C:\wamp\www\CS5...', 50, Array)
#3 C:\wamp\www\CS575\lib\Cake\Core\App.php(899): App::_checkFatalError()
#4 [internal function]: App::shutdown()
#5 {main}
2012-11-20 05:10:07 Error: [MissingControllerException] Controller class DictationAssignmentsController could not be found.
#0 C:\wamp\www\CS575\app\webroot\index.php(92): Dispatcher->dispatch(Object(CakeRequest), Object(CakeResponse))
#1 {main}
2012-11-20 05:10:14 Error: [MissingControllerException] Controller class TranscriptionsController could not be found.
#0 C:\wamp\www\CS575\app\webroot\index.php(92): Dispatcher->dispatch(Object(CakeRequest), Object(CakeResponse))
#1 {main}
2012-11-20 05:12:18 Error: [MissingControllerException] Controller class UsersController could not be found.
#0 C:\wamp\www\CS575\app\webroot\index.php(92): Dispatcher->dispatch(Object(CakeRequest), Object(CakeResponse))
#1 {main}
2012-11-20 05:13:20 Error: [PDOException] SQLSTATE[42000]: Syntax error or access violation: 1066 Not unique table/alias: 'Transcription'
#0 C:\wamp\www\CS575\lib\Cake\Model\Datasource\DboSource.php(459): PDOStatement->execute(Array)
#1 C:\wamp\www\CS575\lib\Cake\Model\Datasource\DboSource.php(425): DboSource->_execute('SELECT `Transcr...', Array)
#2 C:\wamp\www\CS575\lib\Cake\Model\Datasource\DboSource.php(669): DboSource->execute('SELECT `Transcr...', Array, Array)
#3 C:\wamp\www\CS575\lib\Cake\Model\Datasource\DboSource.php(1080): DboSource->fetchAll('SELECT `Transcr...', false)
#4 C:\wamp\www\CS575\lib\Cake\Model\Model.php(2630): DboSource->read(Object(Transcription), Array)
#5 C:\wamp\www\CS575\lib\Cake\Controller\Component\PaginatorComponent.php(173): Model->find('all', Array)
#6 C:\wamp\www\CS575\lib\Cake\Controller\Controller.php(1081): PaginatorComponent->paginate(NULL, Array, Array)
#7 C:\wamp\www\CS575\app\Controller\TranscriptionsController.php(17): Controller->paginate()
#8 [internal function]: TranscriptionsController->index()
#9 C:\wamp\www\CS575\lib\Cake\Controller\Controller.php(485): ReflectionMethod->invokeArgs(Object(TranscriptionsController), Array)
#10 C:\wamp\www\CS575\lib\Cake\Routing\Dispatcher.php(186): Controller->invokeAction(Object(CakeRequest))
#11 C:\wamp\www\CS575\lib\Cake\Routing\Dispatcher.php(161): Dispatcher->_invoke(Object(TranscriptionsController), Object(CakeRequest), Object(CakeResponse))
#12 C:\wamp\www\CS575\app\webroot\index.php(92): Dispatcher->dispatch(Object(CakeRequest), Object(CakeResponse))
#13 {main}
2012-11-20 05:18:54 Error: [PDOException] SQLSTATE[42000]: Syntax error or access violation: 1066 Not unique table/alias: 'QaAssignment'
#0 C:\wamp\www\CS575\lib\Cake\Model\Datasource\DboSource.php(459): PDOStatement->execute(Array)
#1 C:\wamp\www\CS575\lib\Cake\Model\Datasource\DboSource.php(425): DboSource->_execute('SELECT `Transcr...', Array)
#2 C:\wamp\www\CS575\lib\Cake\Model\Datasource\DboSource.php(669): DboSource->execute('SELECT `Transcr...', Array, Array)
#3 C:\wamp\www\CS575\lib\Cake\Model\Datasource\DboSource.php(1080): DboSource->fetchAll('SELECT `Transcr...', false)
#4 C:\wamp\www\CS575\lib\Cake\Model\Model.php(2630): DboSource->read(Object(Transcription), Array)
#5 C:\wamp\www\CS575\lib\Cake\Controller\Component\PaginatorComponent.php(173): Model->find('all', Array)
#6 C:\wamp\www\CS575\lib\Cake\Controller\Controller.php(1081): PaginatorComponent->paginate(NULL, Array, Array)
#7 C:\wamp\www\CS575\app\Controller\TranscriptionsController.php(17): Controller->paginate()
#8 [internal function]: TranscriptionsController->index()
#9 C:\wamp\www\CS575\lib\Cake\Controller\Controller.php(485): ReflectionMethod->invokeArgs(Object(TranscriptionsController), Array)
#10 C:\wamp\www\CS575\lib\Cake\Routing\Dispatcher.php(186): Controller->invokeAction(Object(CakeRequest))
#11 C:\wamp\www\CS575\lib\Cake\Routing\Dispatcher.php(161): Dispatcher->_invoke(Object(TranscriptionsController), Object(CakeRequest), Object(CakeResponse))
#12 C:\wamp\www\CS575\app\webroot\index.php(92): Dispatcher->dispatch(Object(CakeRequest), Object(CakeResponse))
#13 {main}
2012-11-20 05:19:46 Error: [PDOException] SQLSTATE[42S22]: Column not found: 1054 Unknown column 'DictationAssignment.id' in 'on clause'
#0 C:\wamp\www\CS575\lib\Cake\Model\Datasource\DboSource.php(459): PDOStatement->execute(Array)
#1 C:\wamp\www\CS575\lib\Cake\Model\Datasource\DboSource.php(425): DboSource->_execute('SELECT `Transcr...', Array)
#2 C:\wamp\www\CS575\lib\Cake\Model\Datasource\DboSource.php(669): DboSource->execute('SELECT `Transcr...', Array, Array)
#3 C:\wamp\www\CS575\lib\Cake\Model\Datasource\DboSource.php(1080): DboSource->fetchAll('SELECT `Transcr...', false)
#4 C:\wamp\www\CS575\lib\Cake\Model\Model.php(2630): DboSource->read(Object(Transcription), Array)
#5 C:\wamp\www\CS575\lib\Cake\Controller\Component\PaginatorComponent.php(173): Model->find('all', Array)
#6 C:\wamp\www\CS575\lib\Cake\Controller\Controller.php(1081): PaginatorComponent->paginate(NULL, Array, Array)
#7 C:\wamp\www\CS575\app\Controller\TranscriptionsController.php(17): Controller->paginate()
#8 [internal function]: TranscriptionsController->index()
#9 C:\wamp\www\CS575\lib\Cake\Controller\Controller.php(485): ReflectionMethod->invokeArgs(Object(TranscriptionsController), Array)
#10 C:\wamp\www\CS575\lib\Cake\Routing\Dispatcher.php(186): Controller->invokeAction(Object(CakeRequest))
#11 C:\wamp\www\CS575\lib\Cake\Routing\Dispatcher.php(161): Dispatcher->_invoke(Object(TranscriptionsController), Object(CakeRequest), Object(CakeResponse))
#12 C:\wamp\www\CS575\app\webroot\index.php(92): Dispatcher->dispatch(Object(CakeRequest), Object(CakeResponse))
#13 {main}
2012-11-20 05:20:46 Error: Fatal Error (1): Call to a member function find() on a non-object in [C:\wamp\www\CS575\app\Controller\TranscriptionsController.php, line 51]
2012-11-20 05:20:46 Error: [FatalErrorException] Call to a member function find() on a non-object
#0 C:\wamp\www\CS575\lib\Cake\Error\ErrorHandler.php(161): ErrorHandler::handleFatalError(1, 'Call to a membe...', 'C:\wamp\www\CS5...', 51)
#1 [internal function]: ErrorHandler::handleError(1, 'Call to a membe...', 'C:\wamp\www\CS5...', 51, Array)
#2 C:\wamp\www\CS575\lib\Cake\Core\App.php(926): call_user_func('ErrorHandler::h...', 1, 'Call to a membe...', 'C:\wamp\www\CS5...', 51, Array)
#3 C:\wamp\www\CS575\lib\Cake\Core\App.php(899): App::_checkFatalError()
#4 [internal function]: App::shutdown()
#5 {main}
2012-11-20 05:32:01 Error: [MissingControllerException] Controller class UsersController could not be found.
#0 C:\wamp\www\CS575\app\webroot\index.php(92): Dispatcher->dispatch(Object(CakeRequest), Object(CakeResponse))
#1 {main}
2012-11-20 05:32:49 Error: [MissingControllerException] Controller class UsersController could not be found.
#0 C:\wamp\www\CS575\app\webroot\index.php(92): Dispatcher->dispatch(Object(CakeRequest), Object(CakeResponse))
#1 {main}
